<?xml version="1.0" encoding="UTF-8"?>
<testng-results skipped="0" failed="0" ignored="0" total="1" passed="1">
  <reporter-output>
  </reporter-output>
  <suite name="Suite" duration-ms="23397" started-at="2018-06-23T06:06:45Z" finished-at="2018-06-23T06:07:09Z">
    <groups>
    </groups>
    <test name="Test" duration-ms="23397" started-at="2018-06-23T06:06:45Z" finished-at="2018-06-23T06:07:09Z">
      <class name="sampleGITTest.SampleGitTest2">
        <test-method status="PASS" signature="logintest()[pri:0, instance:sampleGITTest.SampleGitTest2@10ee7cb]" name="logintest" duration-ms="23345" started-at="2018-06-23T11:36:45Z" finished-at="2018-06-23T11:37:09Z">
          <reporter-output>
          </reporter-output>
        </test-method> <!-- logintest -->
      </class> <!-- sampleGITTest.SampleGitTest2 -->
    </test> <!-- Test -->
  </suite> <!-- Suite -->
</testng-results>
