<?xml version="1.0" encoding="UTF-8"?>
<testng-results skipped="0" failed="0" ignored="0" total="1" passed="1">
  <reporter-output>
  </reporter-output>
  <suite name="Default suite" duration-ms="24459" started-at="2018-06-16T05:21:45Z" finished-at="2018-06-16T05:22:09Z">
    <groups>
    </groups>
    <test name="Default test" duration-ms="24459" started-at="2018-06-16T05:21:45Z" finished-at="2018-06-16T05:22:09Z">
      <class name="sampleGITTest.SampleGitTest">
        <test-method status="PASS" signature="logintest()[pri:0, instance:sampleGITTest.SampleGitTest@c1670b]" name="logintest" duration-ms="24282" started-at="2018-06-16T05:21:45Z" finished-at="2018-06-16T05:22:09Z">
          <reporter-output>
          </reporter-output>
        </test-method> <!-- logintest -->
      </class> <!-- sampleGITTest.SampleGitTest -->
    </test> <!-- Default test -->
  </suite> <!-- Default suite -->
</testng-results>
